2024-07-30 04:33:16.546 [info] Extension host with pid 460205 started
2024-07-30 04:33:16.965 [info] ExtensionService#_doActivateExtension vscode.emmet, startup: false, activationEvent: 'onLanguage'
2024-07-30 04:33:17.114 [info] ExtensionService#_doActivateExtension vscode.git-base, startup: true, activationEvent: '*'
2024-07-30 04:33:17.342 [info] ExtensionService#_doActivateExtension vscode.github, startup: true, activationEvent: '*'
2024-07-30 04:33:17.442 [info] Eager extensions activated
2024-07-30 04:33:17.463 [info] ExtensionService#_doActivateExtension vscode.debug-auto-launch, startup: false, activationEvent: 'onStartupFinished'
2024-07-30 04:33:17.473 [info] ExtensionService#_doActivateExtension vscode.merge-conflict, startup: false, activationEvent: 'onStartupFinished'
2024-07-30 04:33:17.512 [info] ExtensionService#_doActivateExtension alefragnani.project-manager, startup: false, activationEvent: 'onStartupFinished'
2024-07-30 04:33:17.541 [info] ExtensionService#_doActivateExtension eamodio.gitlens, startup: false, activationEvent: 'onStartupFinished'
2024-07-30 04:33:17.872 [info] ExtensionService#_doActivateExtension esbenp.prettier-vscode, startup: false, activationEvent: 'onStartupFinished'
2024-07-30 04:33:18.702 [info] ExtensionService#_doActivateExtension vscode.github-authentication, startup: false, activationEvent: 'onAuthenticationRequest:github'
2024-07-30 08:24:30.242 [info] Extension host terminating: renderer closed the MessagePort
2024-07-30 08:24:30.294 [error] Canceled: Canceled
	at new g (/usr/share/code/resources/app/out/vs/workbench/api/node/extensionHostProcess.js:141:110274)
	at l.U (/usr/share/code/resources/app/out/vs/workbench/api/node/extensionHostProcess.js:150:10866)
	at P.<computed>.j.charCodeAt.P.<computed> (/usr/share/code/resources/app/out/vs/workbench/api/node/extensionHostProcess.js:150:8317)
	at d.g (/usr/share/code/resources/app/out/vs/workbench/api/node/extensionHostProcess.js:141:139555)
	at d.executeCommand (/usr/share/code/resources/app/out/vs/workbench/api/node/extensionHostProcess.js:141:138993)
	at p.registerCommand.description (/usr/share/code/resources/app/out/vs/workbench/api/node/extensionHostProcess.js:141:138317)
	at d.h (/usr/share/code/resources/app/out/vs/workbench/api/node/extensionHostProcess.js:141:140094)
	at d.g (/usr/share/code/resources/app/out/vs/workbench/api/node/extensionHostProcess.js:141:139086)
	at d.executeCommand (/usr/share/code/resources/app/out/vs/workbench/api/node/extensionHostProcess.js:141:138993)
	at Object.executeCommand (/usr/share/code/resources/app/out/vs/workbench/api/node/extensionHostProcess.js:158:21333)
	at w (/root/.vscode/extensions/eamodio.gitlens-15.2.3/dist/gitlens.js:1455:39724)
	at c (/root/.vscode/extensions/eamodio.gitlens-15.2.3/dist/gitlens.js:1455:44783)
	at ActionRunners._updateContextKeys (/root/.vscode/extensions/eamodio.gitlens-15.2.3/dist/gitlens.js:1101:19641)
	at s (/root/.vscode/extensions/eamodio.gitlens-15.2.3/dist/gitlens.js:1101:18085)
	at RegisteredActionRunner.unregister (/root/.vscode/extensions/eamodio.gitlens-15.2.3/dist/gitlens.js:1101:18228)
	at RegisteredActionRunner.dispose (/root/.vscode/extensions/eamodio.gitlens-15.2.3/dist/gitlens.js:1101:16881)
	at ActionRunners.dispose (/root/.vscode/extensions/eamodio.gitlens-15.2.3/dist/gitlens.js:1101:17668)
	at /root/.vscode/extensions/eamodio.gitlens-15.2.3/dist/gitlens.js:1414:20154
	at Array.forEach (<anonymous>)
	at Object.dispose (/root/.vscode/extensions/eamodio.gitlens-15.2.3/dist/gitlens.js:1414:20136)
	at s (/usr/share/code/resources/app/out/vs/workbench/api/node/extensionHostProcess.js:30:754)
	at f.cb (/usr/share/code/resources/app/out/vs/workbench/api/node/extensionHostProcess.js:154:9873)
	at /usr/share/code/resources/app/out/vs/workbench/api/node/extensionHostProcess.js:154:7808
	at Array.map (<anonymous>)
	at f.Y (/usr/share/code/resources/app/out/vs/workbench/api/node/extensionHostProcess.js:154:7795)
	at f.terminate (/usr/share/code/resources/app/out/vs/workbench/api/node/extensionHostProcess.js:154:8068)
	at s.terminate (/usr/share/code/resources/app/out/vs/workbench/api/node/extensionHostProcess.js:158:1513)
	at a (/usr/share/code/resources/app/out/vs/workbench/api/node/extensionHostProcess.js:171:9802)
	at MessagePortMain.<anonymous> (/usr/share/code/resources/app/out/vs/workbench/api/node/extensionHostProcess.js:171:6227)
	at MessagePortMain.emit (node:events:513:28)
	at MessagePortMain._internalPort.emit (node:electron/js2c/utility_init:2:367) setContext undefined
2024-07-30 08:24:30.307 [error] Canceled: Canceled
	at new g (/usr/share/code/resources/app/out/vs/workbench/api/node/extensionHostProcess.js:141:110274)
	at l.U (/usr/share/code/resources/app/out/vs/workbench/api/node/extensionHostProcess.js:150:10866)
	at P.<computed>.j.charCodeAt.P.<computed> (/usr/share/code/resources/app/out/vs/workbench/api/node/extensionHostProcess.js:150:8317)
	at d.g (/usr/share/code/resources/app/out/vs/workbench/api/node/extensionHostProcess.js:141:139555)
	at d.executeCommand (/usr/share/code/resources/app/out/vs/workbench/api/node/extensionHostProcess.js:141:138993)
	at p.registerCommand.description (/usr/share/code/resources/app/out/vs/workbench/api/node/extensionHostProcess.js:141:138317)
	at d.h (/usr/share/code/resources/app/out/vs/workbench/api/node/extensionHostProcess.js:141:140094)
	at d.g (/usr/share/code/resources/app/out/vs/workbench/api/node/extensionHostProcess.js:141:139086)
	at d.executeCommand (/usr/share/code/resources/app/out/vs/workbench/api/node/extensionHostProcess.js:141:138993)
	at Object.executeCommand (/usr/share/code/resources/app/out/vs/workbench/api/node/extensionHostProcess.js:158:21333)
	at w (/root/.vscode/extensions/eamodio.gitlens-15.2.3/dist/gitlens.js:1455:39724)
	at c (/root/.vscode/extensions/eamodio.gitlens-15.2.3/dist/gitlens.js:1455:44783)
	at ActionRunners._updateContextKeys (/root/.vscode/extensions/eamodio.gitlens-15.2.3/dist/gitlens.js:1101:19641)
	at s (/root/.vscode/extensions/eamodio.gitlens-15.2.3/dist/gitlens.js:1101:18085)
	at RegisteredActionRunner.unregister (/root/.vscode/extensions/eamodio.gitlens-15.2.3/dist/gitlens.js:1101:18228)
	at RegisteredActionRunner.dispose (/root/.vscode/extensions/eamodio.gitlens-15.2.3/dist/gitlens.js:1101:16881)
	at ActionRunners.dispose (/root/.vscode/extensions/eamodio.gitlens-15.2.3/dist/gitlens.js:1101:17668)
	at /root/.vscode/extensions/eamodio.gitlens-15.2.3/dist/gitlens.js:1414:20154
	at Array.forEach (<anonymous>)
	at Object.dispose (/root/.vscode/extensions/eamodio.gitlens-15.2.3/dist/gitlens.js:1414:20136)
	at s (/usr/share/code/resources/app/out/vs/workbench/api/node/extensionHostProcess.js:30:754)
	at f.cb (/usr/share/code/resources/app/out/vs/workbench/api/node/extensionHostProcess.js:154:9873)
	at /usr/share/code/resources/app/out/vs/workbench/api/node/extensionHostProcess.js:154:7808
	at Array.map (<anonymous>)
	at f.Y (/usr/share/code/resources/app/out/vs/workbench/api/node/extensionHostProcess.js:154:7795)
	at f.terminate (/usr/share/code/resources/app/out/vs/workbench/api/node/extensionHostProcess.js:154:8068)
	at s.terminate (/usr/share/code/resources/app/out/vs/workbench/api/node/extensionHostProcess.js:158:1513)
	at a (/usr/share/code/resources/app/out/vs/workbench/api/node/extensionHostProcess.js:171:9802)
	at MessagePortMain.<anonymous> (/usr/share/code/resources/app/out/vs/workbench/api/node/extensionHostProcess.js:171:6227)
	at MessagePortMain.emit (node:events:513:28)
	at MessagePortMain._internalPort.emit (node:electron/js2c/utility_init:2:367) setContext undefined
2024-07-30 08:24:30.312 [error] Canceled: Canceled
	at new g (/usr/share/code/resources/app/out/vs/workbench/api/node/extensionHostProcess.js:141:110274)
	at l.U (/usr/share/code/resources/app/out/vs/workbench/api/node/extensionHostProcess.js:150:10866)
	at P.<computed>.j.charCodeAt.P.<computed> (/usr/share/code/resources/app/out/vs/workbench/api/node/extensionHostProcess.js:150:8317)
	at d.g (/usr/share/code/resources/app/out/vs/workbench/api/node/extensionHostProcess.js:141:139555)
	at d.executeCommand (/usr/share/code/resources/app/out/vs/workbench/api/node/extensionHostProcess.js:141:138993)
	at p.registerCommand.description (/usr/share/code/resources/app/out/vs/workbench/api/node/extensionHostProcess.js:141:138317)
	at d.h (/usr/share/code/resources/app/out/vs/workbench/api/node/extensionHostProcess.js:141:140094)
	at d.g (/usr/share/code/resources/app/out/vs/workbench/api/node/extensionHostProcess.js:141:139086)
	at d.executeCommand (/usr/share/code/resources/app/out/vs/workbench/api/node/extensionHostProcess.js:141:138993)
	at Object.executeCommand (/usr/share/code/resources/app/out/vs/workbench/api/node/extensionHostProcess.js:158:21333)
	at w (/root/.vscode/extensions/eamodio.gitlens-15.2.3/dist/gitlens.js:1455:39724)
	at c (/root/.vscode/extensions/eamodio.gitlens-15.2.3/dist/gitlens.js:1455:44783)
	at ActionRunners._updateContextKeys (/root/.vscode/extensions/eamodio.gitlens-15.2.3/dist/gitlens.js:1101:19641)
	at s (/root/.vscode/extensions/eamodio.gitlens-15.2.3/dist/gitlens.js:1101:18085)
	at RegisteredActionRunner.unregister (/root/.vscode/extensions/eamodio.gitlens-15.2.3/dist/gitlens.js:1101:18228)
	at RegisteredActionRunner.dispose (/root/.vscode/extensions/eamodio.gitlens-15.2.3/dist/gitlens.js:1101:16881)
	at ActionRunners.dispose (/root/.vscode/extensions/eamodio.gitlens-15.2.3/dist/gitlens.js:1101:17668)
	at /root/.vscode/extensions/eamodio.gitlens-15.2.3/dist/gitlens.js:1414:20154
	at Array.forEach (<anonymous>)
	at Object.dispose (/root/.vscode/extensions/eamodio.gitlens-15.2.3/dist/gitlens.js:1414:20136)
	at s (/usr/share/code/resources/app/out/vs/workbench/api/node/extensionHostProcess.js:30:754)
	at f.cb (/usr/share/code/resources/app/out/vs/workbench/api/node/extensionHostProcess.js:154:9873)
	at /usr/share/code/resources/app/out/vs/workbench/api/node/extensionHostProcess.js:154:7808
	at Array.map (<anonymous>)
	at f.Y (/usr/share/code/resources/app/out/vs/workbench/api/node/extensionHostProcess.js:154:7795)
	at f.terminate (/usr/share/code/resources/app/out/vs/workbench/api/node/extensionHostProcess.js:154:8068)
	at s.terminate (/usr/share/code/resources/app/out/vs/workbench/api/node/extensionHostProcess.js:158:1513)
	at a (/usr/share/code/resources/app/out/vs/workbench/api/node/extensionHostProcess.js:171:9802)
	at MessagePortMain.<anonymous> (/usr/share/code/resources/app/out/vs/workbench/api/node/extensionHostProcess.js:171:6227)
	at MessagePortMain.emit (node:events:513:28)
	at MessagePortMain._internalPort.emit (node:electron/js2c/utility_init:2:367) setContext undefined
2024-07-30 08:24:30.312 [info] Extension host with pid 460205 exiting with code 0
